<?xml version="1.0" encoding="UTF-8"?>
<!-- Generated by org.testng.reporters.JUnitReportReporter -->
<testsuite hostname="leonardo-VirtualBox" failures="0" tests="1" name="SearchTest" time="1.789" errors="0" timestamp="2020-04-25T11:58:26 ART" skipped="0">
  <testcase classname="SearchTest" name="openGoogle" time="1.789"/>
  <system-out/>
</testsuite> <!-- SearchTest -->
